<?xml version="1.0" encoding="UTF-8" ?>
<testsuite failures="0" time="0.109" errors="0" skipped="0" tests="2" name="aero.sita.test.sample.RouterTest">
  <properties>
    <property name="java.runtime.name" value="Java(TM) SE Runtime Environment"/>
    <property name="sun.boot.library.path" value="D:\jdk1.7.0_45\jre\bin"/>
    <property name="java.vm.version" value="24.45-b08"/>
    <property name="java.vm.vendor" value="Oracle Corporation"/>
    <property name="java.vendor.url" value="http://java.oracle.com/"/>
    <property name="path.separator" value=";"/>
    <property name="java.vm.name" value="Java HotSpot(TM) 64-Bit Server VM"/>
    <property name="file.encoding.pkg" value="sun.io"/>
    <property name="user.script" value=""/>
    <property name="user.country" value="US"/>
    <property name="sun.java.launcher" value="SUN_STANDARD"/>
    <property name="sun.os.patch.level" value="Service Pack 1"/>
    <property name="java.vm.specification.name" value="Java Virtual Machine Specification"/>
    <property name="user.dir" value="D:\TestProject\SpringIntegrationFileProcessing"/>
    <property name="java.runtime.version" value="1.7.0_45-b18"/>
    <property name="java.awt.graphicsenv" value="sun.awt.Win32GraphicsEnvironment"/>
    <property name="basedir" value="D:\TestProject\SpringIntegrationFileProcessing"/>
    <property name="java.endorsed.dirs" value="D:\jdk1.7.0_45\jre\lib\endorsed"/>
    <property name="os.arch" value="amd64"/>
    <property name="surefire.real.class.path" value="D:\TestProject\SpringIntegrationFileProcessing\target\surefire\surefirebooter7849120622476322358.jar"/>
    <property name="java.io.tmpdir" value="C:\Users\PUNEET~1.NIG\AppData\Local\Temp\"/>
    <property name="line.separator" value="
"/>
    <property name="java.vm.specification.vendor" value="Oracle Corporation"/>
    <property name="user.variant" value=""/>
    <property name="os.name" value="Windows 7"/>
    <property name="sun.jnu.encoding" value="Cp1252"/>
    <property name="java.library.path" value="D:\jdk1.7.0_45\jre\bin;C:\Windows\Sun\Java\bin;C:\Windows\system32;C:\Windows;C:\Program Files (x86)\RSA SecurID Token Common;C:\Windows\system32;C:\Windows;C:\Windows\System32\Wbem;C:\Windows\System32\WindowsPowerShell\v1.0\;C:\Program Files\TortoiseSVN\bin;D:\Softwares\apache-maven-3.0.3\\bin;C:\Program Files\Java\jdk1.6.0_26\\bin;D:\jdk1.7.0_45\bin;C:\Program Files\TortoiseSVN\bin;D:\apache-maven-3.0.3\bin;C:\Program Files (x86)\RSA SecurID Token Common; D:\apache-maven-3.0.3\bin;."/>
    <property name="surefire.test.class.path" value="D:\TestProject\SpringIntegrationFileProcessing\target\test-classes;D:\TestProject\SpringIntegrationFileProcessing\target\classes;D:\Repository\org\springframework\spring-webmvc\4.1.4.RELEASE\spring-webmvc-4.1.4.RELEASE.jar;D:\Repository\org\springframework\spring-beans\4.1.4.RELEASE\spring-beans-4.1.4.RELEASE.jar;D:\Repository\org\springframework\spring-expression\4.1.4.RELEASE\spring-expression-4.1.4.RELEASE.jar;D:\Repository\org\springframework\spring-web\4.1.4.RELEASE\spring-web-4.1.4.RELEASE.jar;D:\Repository\org\springframework\spring-aop\4.1.4.RELEASE\spring-aop-4.1.4.RELEASE.jar;D:\Repository\aopalliance\aopalliance\1.0\aopalliance-1.0.jar;D:\Repository\javax\servlet\jstl\1.2\jstl-1.2.jar;D:\Repository\javax\servlet\servlet-api\2.5\servlet-api-2.5.jar;D:\Repository\taglibs\standard\1.1.2\standard-1.1.2.jar;D:\Repository\org\springframework\spring-core\4.1.4.RELEASE\spring-core-4.1.4.RELEASE.jar;D:\Repository\commons-logging\commons-logging\1.2\commons-logging-1.2.jar;D:\Repository\org\springframework\spring-context\4.1.4.RELEASE\spring-context-4.1.4.RELEASE.jar;D:\Repository\org\springframework\integration\spring-integration-core\4.1.2.RELEASE\spring-integration-core-4.1.2.RELEASE.jar;D:\Repository\org\springframework\spring-tx\4.1.4.RELEASE\spring-tx-4.1.4.RELEASE.jar;D:\Repository\org\projectreactor\reactor-core\1.1.4.RELEASE\reactor-core-1.1.4.RELEASE.jar;D:\Repository\com\goldmansachs\gs-collections\5.1.0\gs-collections-5.1.0.jar;D:\Repository\com\goldmansachs\gs-collections-api\5.1.0\gs-collections-api-5.1.0.jar;D:\Repository\com\lmax\disruptor\3.2.1\disruptor-3.2.1.jar;D:\Repository\io\gatling\jsr166e\1.0\jsr166e-1.0.jar;D:\Repository\org\slf4j\slf4j-api\1.7.7\slf4j-api-1.7.7.jar;D:\Repository\org\springframework\retry\spring-retry\1.1.1.RELEASE\spring-retry-1.1.1.RELEASE.jar;D:\Repository\org\springframework\spring-messaging\4.1.4.RELEASE\spring-messaging-4.1.4.RELEASE.jar;D:\Repository\org\springframework\integration\spring-integration-file\4.1.2.RELEASE\spring-integration-file-4.1.2.RELEASE.jar;D:\Repository\commons-io\commons-io\2.4\commons-io-2.4.jar;D:\Repository\log4j\log4j\1.2.17\log4j-1.2.17.jar;D:\Repository\org\apache\commons\commons-io\1.3.2\commons-io-1.3.2.jar;D:\Repository\junit\junit\4.10\junit-4.10.jar;D:\Repository\org\hamcrest\hamcrest-core\1.1\hamcrest-core-1.1.jar;D:\Repository\junit\junit-dep\4.10\junit-dep-4.10.jar;"/>
    <property name="java.specification.name" value="Java Platform API Specification"/>
    <property name="java.class.version" value="51.0"/>
    <property name="sun.management.compiler" value="HotSpot 64-Bit Tiered Compilers"/>
    <property name="os.version" value="6.1"/>
    <property name="user.home" value="C:\Users\puneet.nigam"/>
    <property name="user.timezone" value=""/>
    <property name="java.awt.printerjob" value="sun.awt.windows.WPrinterJob"/>
    <property name="java.specification.version" value="1.7"/>
    <property name="file.encoding" value="Cp1252"/>
    <property name="user.name" value="puneet.nigam"/>
    <property name="java.class.path" value="D:\TestProject\SpringIntegrationFileProcessing\target\test-classes;D:\TestProject\SpringIntegrationFileProcessing\target\classes;D:\Repository\org\springframework\spring-webmvc\4.1.4.RELEASE\spring-webmvc-4.1.4.RELEASE.jar;D:\Repository\org\springframework\spring-beans\4.1.4.RELEASE\spring-beans-4.1.4.RELEASE.jar;D:\Repository\org\springframework\spring-expression\4.1.4.RELEASE\spring-expression-4.1.4.RELEASE.jar;D:\Repository\org\springframework\spring-web\4.1.4.RELEASE\spring-web-4.1.4.RELEASE.jar;D:\Repository\org\springframework\spring-aop\4.1.4.RELEASE\spring-aop-4.1.4.RELEASE.jar;D:\Repository\aopalliance\aopalliance\1.0\aopalliance-1.0.jar;D:\Repository\javax\servlet\jstl\1.2\jstl-1.2.jar;D:\Repository\javax\servlet\servlet-api\2.5\servlet-api-2.5.jar;D:\Repository\taglibs\standard\1.1.2\standard-1.1.2.jar;D:\Repository\org\springframework\spring-core\4.1.4.RELEASE\spring-core-4.1.4.RELEASE.jar;D:\Repository\commons-logging\commons-logging\1.2\commons-logging-1.2.jar;D:\Repository\org\springframework\spring-context\4.1.4.RELEASE\spring-context-4.1.4.RELEASE.jar;D:\Repository\org\springframework\integration\spring-integration-core\4.1.2.RELEASE\spring-integration-core-4.1.2.RELEASE.jar;D:\Repository\org\springframework\spring-tx\4.1.4.RELEASE\spring-tx-4.1.4.RELEASE.jar;D:\Repository\org\projectreactor\reactor-core\1.1.4.RELEASE\reactor-core-1.1.4.RELEASE.jar;D:\Repository\com\goldmansachs\gs-collections\5.1.0\gs-collections-5.1.0.jar;D:\Repository\com\goldmansachs\gs-collections-api\5.1.0\gs-collections-api-5.1.0.jar;D:\Repository\com\lmax\disruptor\3.2.1\disruptor-3.2.1.jar;D:\Repository\io\gatling\jsr166e\1.0\jsr166e-1.0.jar;D:\Repository\org\slf4j\slf4j-api\1.7.7\slf4j-api-1.7.7.jar;D:\Repository\org\springframework\retry\spring-retry\1.1.1.RELEASE\spring-retry-1.1.1.RELEASE.jar;D:\Repository\org\springframework\spring-messaging\4.1.4.RELEASE\spring-messaging-4.1.4.RELEASE.jar;D:\Repository\org\springframework\integration\spring-integration-file\4.1.2.RELEASE\spring-integration-file-4.1.2.RELEASE.jar;D:\Repository\commons-io\commons-io\2.4\commons-io-2.4.jar;D:\Repository\log4j\log4j\1.2.17\log4j-1.2.17.jar;D:\Repository\org\apache\commons\commons-io\1.3.2\commons-io-1.3.2.jar;D:\Repository\junit\junit\4.10\junit-4.10.jar;D:\Repository\org\hamcrest\hamcrest-core\1.1\hamcrest-core-1.1.jar;D:\Repository\junit\junit-dep\4.10\junit-dep-4.10.jar;"/>
    <property name="java.vm.specification.version" value="1.7"/>
    <property name="sun.arch.data.model" value="64"/>
    <property name="java.home" value="D:\jdk1.7.0_45\jre"/>
    <property name="sun.java.command" value="D:\TestProject\SpringIntegrationFileProcessing\target\surefire\surefirebooter7849120622476322358.jar D:\TestProject\SpringIntegrationFileProcessing\target\surefire\surefire1473686502078776705tmp D:\TestProject\SpringIntegrationFileProcessing\target\surefire\surefire3359194835616966507tmp"/>
    <property name="java.specification.vendor" value="Oracle Corporation"/>
    <property name="user.language" value="en"/>
    <property name="awt.toolkit" value="sun.awt.windows.WToolkit"/>
    <property name="java.vm.info" value="mixed mode"/>
    <property name="java.version" value="1.7.0_45"/>
    <property name="java.ext.dirs" value="D:\jdk1.7.0_45\jre\lib\ext;C:\Windows\Sun\Java\lib\ext"/>
    <property name="sun.boot.class.path" value="D:\jdk1.7.0_45\jre\lib\resources.jar;D:\jdk1.7.0_45\jre\lib\rt.jar;D:\jdk1.7.0_45\jre\lib\sunrsasign.jar;D:\jdk1.7.0_45\jre\lib\jsse.jar;D:\jdk1.7.0_45\jre\lib\jce.jar;D:\jdk1.7.0_45\jre\lib\charsets.jar;D:\jdk1.7.0_45\jre\lib\jfr.jar;D:\jdk1.7.0_45\jre\classes"/>
    <property name="java.vendor" value="Oracle Corporation"/>
    <property name="localRepository" value="D:\Repository"/>
    <property name="file.separator" value="\"/>
    <property name="java.vendor.url.bug" value="http://bugreport.sun.com/bugreport/"/>
    <property name="sun.cpu.endian" value="little"/>
    <property name="sun.io.unicode.encoding" value="UnicodeLittle"/>
    <property name="sun.desktop" value="windows"/>
    <property name="sun.cpu.isalist" value="amd64"/>
  </properties>
  <testcase time="0.015" classname="aero.sita.test.sample.RouterTest" name="testValidContent"/>
  <testcase time="0" classname="aero.sita.test.sample.RouterTest" name="testInvalidContent"/>
</testsuite>